{"C:\\Users\\bilan\\ClassAssignment1\\src\\server_2.ts": {"path":"C:\\Users\\bilan\\ClassAssignment1\\src\\server_2.ts","statementMap":{"0":{"start":{"line":2,"column":0},"end":{"line":2,"column":40}},"1":{"start":{"line":3,"column":12},"end":{"line":3,"column":21}},"2":{"start":{"line":4,"column":0},"end":{"line":4,"column":28}},"3":{"start":{"line":5,"column":0},"end":{"line":5,"column":16}},"4":{"start":{"line":6,"column":0},"end":{"line":6,"column":32}},"5":{"start":{"line":7,"column":0},"end":{"line":7,"column":37}},"6":{"start":{"line":8,"column":0},"end":{"line":8,"column":45}},"7":{"start":{"line":9,"column":0},"end":{"line":9,"column":52}},"8":{"start":{"line":10,"column":0},"end":{"line":10,"column":45}},"9":{"start":{"line":12,"column":11},"end":{"line":12,"column":30}},"10":{"start":{"line":13,"column":0},"end":{"line":15,"column":3}},"11":{"start":{"line":14,"column":2},"end":{"line":14,"column":23}},"12":{"start":{"line":16,"column":0},"end":{"line":18,"column":3}},"13":{"start":{"line":17,"column":2},"end":{"line":17,"column":39}},"14":{"start":{"line":20,"column":16},"end":{"line":47,"column":2}},"15":{"start":{"line":20,"column":27},"end":{"line":47,"column":2}},"16":{"start":{"line":21,"column":2},"end":{"line":46,"column":5}},"17":{"start":{"line":22,"column":15},"end":{"line":22,"column":34}},"18":{"start":{"line":23,"column":4},"end":{"line":25,"column":7}},"19":{"start":{"line":24,"column":6},"end":{"line":24,"column":27}},"20":{"start":{"line":26,"column":4},"end":{"line":28,"column":7}},"21":{"start":{"line":27,"column":6},"end":{"line":27,"column":42}},"22":{"start":{"line":30,"column":4},"end":{"line":45,"column":5}},"23":{"start":{"line":31,"column":6},"end":{"line":31,"column":45}},"24":{"start":{"line":32,"column":6},"end":{"line":32,"column":15}},"25":{"start":{"line":34,"column":8},"end":{"line":44,"column":9}},"26":{"start":{"line":36,"column":8},"end":{"line":36,"column":35}},"27":{"start":{"line":37,"column":8},"end":{"line":37,"column":59}},"28":{"start":{"line":39,"column":8},"end":{"line":39,"column":37}},"29":{"start":{"line":40,"column":8},"end":{"line":40,"column":43}},"30":{"start":{"line":41,"column":8},"end":{"line":41,"column":36}},"31":{"start":{"line":43,"column":8},"end":{"line":43,"column":21}},"32":{"start":{"line":49,"column":0},"end":{"line":49,"column":23}}},"fnMap":{"0":{"name":"(anonymous_8)","decl":{"start":{"line":13,"column":15},"end":{"line":13,"column":16}},"loc":{"start":{"line":13,"column":25},"end":{"line":15,"column":1}}},"1":{"name":"(anonymous_9)","decl":{"start":{"line":16,"column":16},"end":{"line":16,"column":19}},"loc":{"start":{"line":16,"column":21},"end":{"line":18,"column":1}}},"2":{"name":"(anonymous_10)","decl":{"start":{"line":20,"column":16},"end":{"line":20,"column":25}},"loc":{"start":{"line":20,"column":27},"end":{"line":47,"column":2}}},"3":{"name":"(anonymous_11)","decl":{"start":{"line":20,"column":27},"end":{"line":20,"column":null}},"loc":{"start":{"line":20,"column":27},"end":{"line":47,"column":1}}},"4":{"name":"(anonymous_12)","decl":{"start":{"line":21,"column":30},"end":{"line":21,"column":31}},"loc":{"start":{"line":21,"column":50},"end":{"line":46,"column":3}}},"5":{"name":"(anonymous_13)","decl":{"start":{"line":23,"column":19},"end":{"line":23,"column":20}},"loc":{"start":{"line":23,"column":29},"end":{"line":25,"column":5}}},"6":{"name":"(anonymous_14)","decl":{"start":{"line":26,"column":20},"end":{"line":26,"column":23}},"loc":{"start":{"line":26,"column":25},"end":{"line":28,"column":5}}},"7":{"name":"(anonymous_15)","decl":{"start":{"line":34,"column":50},"end":{"line":34,"column":53}},"loc":{"start":{"line":34,"column":55},"end":{"line":44,"column":7}}}},"branchMap":{"0":{"loc":{"start":{"line":30,"column":4},"end":{"line":45,"column":5}},"type":"if","locations":[{"start":{"line":30,"column":4},"end":{"line":45,"column":5}},{"start":{"line":33,"column":11},"end":{"line":45,"column":5}}]}},"s":{"0":3,"1":3,"2":3,"3":3,"4":3,"5":3,"6":3,"7":3,"8":3,"9":3,"10":3,"11":0,"12":3,"13":3,"14":3,"15":3,"16":3,"17":3,"18":3,"19":0,"20":3,"21":3,"22":3,"23":0,"24":0,"25":3,"26":3,"27":3,"28":3,"29":3,"30":3,"31":3,"32":3},"f":{"0":0,"1":3,"2":3,"3":3,"4":3,"5":0,"6":3,"7":3},"b":{"0":[0,3]}}
,"C:\\Users\\bilan\\ClassAssignment1\\src\\controllers\\auth_controllers.ts": {"path":"C:\\Users\\bilan\\ClassAssignment1\\src\\controllers\\auth_controllers.ts","statementMap":{"0":{"start":{"line":2,"column":0},"end":{"line":2,"column":46}},"1":{"start":{"line":3,"column":0},"end":{"line":3,"column":28}},"2":{"start":{"line":4,"column":0},"end":{"line":4,"column":31}},"3":{"start":{"line":6,"column":17},"end":{"line":20,"column":2}},"4":{"start":{"line":6,"column":55},"end":{"line":20,"column":2}},"5":{"start":{"line":7,"column":4},"end":{"line":19,"column":5}},"6":{"start":{"line":8,"column":25},"end":{"line":8,"column":42}},"7":{"start":{"line":9,"column":21},"end":{"line":9,"column":45}},"8":{"start":{"line":10,"column":31},"end":{"line":10,"column":64}},"9":{"start":{"line":11,"column":21},"end":{"line":14,"column":null}},"10":{"start":{"line":16,"column":8},"end":{"line":16,"column":35}},"11":{"start":{"line":18,"column":8},"end":{"line":18,"column":36}},"12":{"start":{"line":22,"column":14},"end":{"line":45,"column":2}},"13":{"start":{"line":22,"column":52},"end":{"line":45,"column":2}},"14":{"start":{"line":23,"column":4},"end":{"line":44,"column":5}},"15":{"start":{"line":24,"column":17},"end":{"line":24,"column":65}},"16":{"start":{"line":25,"column":4},"end":{"line":28,"column":5}},"17":{"start":{"line":26,"column":8},"end":{"line":26,"column":59}},"18":{"start":{"line":27,"column":8},"end":{"line":27,"column":15}},"19":{"start":{"line":29,"column":26},"end":{"line":29,"column":80}},"20":{"start":{"line":30,"column":4},"end":{"line":33,"column":5}},"21":{"start":{"line":31,"column":8},"end":{"line":31,"column":59}},"22":{"start":{"line":32,"column":8},"end":{"line":32,"column":15}},"23":{"start":{"line":34,"column":4},"end":{"line":37,"column":5}},"24":{"start":{"line":35,"column":8},"end":{"line":35,"column":69}},"25":{"start":{"line":36,"column":8},"end":{"line":36,"column":15}},"26":{"start":{"line":38,"column":18},"end":{"line":40,"column":49}},"27":{"start":{"line":41,"column":8},"end":{"line":41,"column":60}},"28":{"start":{"line":43,"column":8},"end":{"line":43,"column":36}},"29":{"start":{"line":47,"column":15},"end":{"line":49,"column":2}},"30":{"start":{"line":47,"column":51},"end":{"line":49,"column":2}},"31":{"start":{"line":48,"column":4},"end":{"line":48,"column":39}},"32":{"start":{"line":54,"column":30},"end":{"line":75,"column":1}},"33":{"start":{"line":55,"column":26},"end":{"line":55,"column":53}},"34":{"start":{"line":56,"column":18},"end":{"line":56,"column":62}},"35":{"start":{"line":58,"column":4},"end":{"line":61,"column":5}},"36":{"start":{"line":59,"column":8},"end":{"line":59,"column":46}},"37":{"start":{"line":60,"column":8},"end":{"line":60,"column":15}},"38":{"start":{"line":62,"column":4},"end":{"line":65,"column":5}},"39":{"start":{"line":63,"column":8},"end":{"line":63,"column":69}},"40":{"start":{"line":64,"column":8},"end":{"line":64,"column":15}},"41":{"start":{"line":67,"column":4},"end":{"line":74,"column":7}},"42":{"start":{"line":68,"column":8},"end":{"line":71,"column":9}},"43":{"start":{"line":69,"column":12},"end":{"line":69,"column":50}},"44":{"start":{"line":70,"column":12},"end":{"line":70,"column":19}},"45":{"start":{"line":72,"column":8},"end":{"line":72,"column":48}},"46":{"start":{"line":73,"column":8},"end":{"line":73,"column":15}},"47":{"start":{"line":54,"column":13},"end":{"line":54,"column":30}},"48":{"start":{"line":77,"column":0},"end":{"line":81,"column":2}}},"fnMap":{"0":{"name":"(anonymous_8)","decl":{"start":{"line":6,"column":17},"end":{"line":6,"column":24}},"loc":{"start":{"line":6,"column":55},"end":{"line":20,"column":2}}},"1":{"name":"(anonymous_9)","decl":{"start":{"line":6,"column":55},"end":{"line":6,"column":null}},"loc":{"start":{"line":6,"column":55},"end":{"line":20,"column":1}}},"2":{"name":"(anonymous_10)","decl":{"start":{"line":22,"column":14},"end":{"line":22,"column":21}},"loc":{"start":{"line":22,"column":52},"end":{"line":45,"column":2}}},"3":{"name":"(anonymous_11)","decl":{"start":{"line":22,"column":52},"end":{"line":22,"column":null}},"loc":{"start":{"line":22,"column":52},"end":{"line":45,"column":1}}},"4":{"name":"(anonymous_12)","decl":{"start":{"line":47,"column":15},"end":{"line":47,"column":22}},"loc":{"start":{"line":47,"column":51},"end":{"line":49,"column":2}}},"5":{"name":"(anonymous_13)","decl":{"start":{"line":47,"column":51},"end":{"line":47,"column":null}},"loc":{"start":{"line":47,"column":51},"end":{"line":49,"column":1}}},"6":{"name":"(anonymous_14)","decl":{"start":{"line":54,"column":30},"end":{"line":54,"column":31}},"loc":{"start":{"line":54,"column":79},"end":{"line":75,"column":1}}},"7":{"name":"(anonymous_15)","decl":{"start":{"line":67,"column":48},"end":{"line":67,"column":49}},"loc":{"start":{"line":67,"column":68},"end":{"line":74,"column":5}}}},"branchMap":{"0":{"loc":{"start":{"line":25,"column":4},"end":{"line":28,"column":5}},"type":"if","locations":[{"start":{"line":25,"column":4},"end":{"line":28,"column":5}}]},"1":{"loc":{"start":{"line":30,"column":4},"end":{"line":33,"column":5}},"type":"if","locations":[{"start":{"line":30,"column":4},"end":{"line":33,"column":5}}]},"2":{"loc":{"start":{"line":34,"column":4},"end":{"line":37,"column":5}},"type":"if","locations":[{"start":{"line":34,"column":4},"end":{"line":37,"column":5}}]},"3":{"loc":{"start":{"line":56,"column":18},"end":{"line":56,"column":62}},"type":"binary-expr","locations":[{"start":{"line":56,"column":18},"end":{"line":56,"column":31}},{"start":{"line":56,"column":35},"end":{"line":56,"column":62}}]},"4":{"loc":{"start":{"line":58,"column":4},"end":{"line":61,"column":5}},"type":"if","locations":[{"start":{"line":58,"column":4},"end":{"line":61,"column":5}}]},"5":{"loc":{"start":{"line":62,"column":4},"end":{"line":65,"column":5}},"type":"if","locations":[{"start":{"line":62,"column":4},"end":{"line":65,"column":5}}]},"6":{"loc":{"start":{"line":68,"column":8},"end":{"line":71,"column":9}},"type":"if","locations":[{"start":{"line":68,"column":8},"end":{"line":71,"column":9}}]}},"s":{"0":3,"1":3,"2":3,"3":3,"4":4,"5":4,"6":4,"7":4,"8":4,"9":3,"10":2,"11":2,"12":3,"13":4,"14":4,"15":4,"16":4,"17":0,"18":0,"19":4,"20":4,"21":1,"22":1,"23":3,"24":0,"25":0,"26":3,"27":3,"28":0,"29":3,"30":1,"31":1,"32":3,"33":9,"34":9,"35":9,"36":4,"37":4,"38":5,"39":0,"40":0,"41":5,"42":5,"43":0,"44":0,"45":5,"46":5,"47":3,"48":3},"f":{"0":4,"1":4,"2":4,"3":4,"4":1,"5":1,"6":9,"7":5},"b":{"0":[0],"1":[1],"2":[0],"3":[9,5],"4":[4],"5":[0],"6":[0]}}
,"C:\\Users\\bilan\\ClassAssignment1\\src\\controllers\\base_controllers.ts": {"path":"C:\\Users\\bilan\\ClassAssignment1\\src\\controllers\\base_controllers.ts","statementMap":{"0":{"start":{"line":12,"column":8},"end":{"line":12,"column":27}},"1":{"start":{"line":16,"column":8},"end":{"line":22,"column":9}},"2":{"start":{"line":17,"column":23},"end":{"line":17,"column":56}},"3":{"start":{"line":18,"column":10},"end":{"line":18,"column":37}},"4":{"start":{"line":20,"column":10},"end":{"line":20,"column":26}},"5":{"start":{"line":21,"column":10},"end":{"line":21,"column":26}},"6":{"start":{"line":26,"column":8},"end":{"line":26,"column":31}},"7":{"start":{"line":27,"column":8},"end":{"line":27,"column":32}},"8":{"start":{"line":28,"column":29},"end":{"line":28,"column":38}},"9":{"start":{"line":29,"column":29},"end":{"line":29,"column":39}},"10":{"start":{"line":30,"column":10},"end":{"line":42,"column":11}},"11":{"start":{"line":31,"column":42},"end":{"line":31,"column":44}},"12":{"start":{"line":32,"column":14},"end":{"line":34,"column":15}},"13":{"start":{"line":33,"column":18},"end":{"line":33,"column":51}},"14":{"start":{"line":35,"column":14},"end":{"line":37,"column":15}},"15":{"start":{"line":36,"column":18},"end":{"line":36,"column":51}},"16":{"start":{"line":38,"column":27},"end":{"line":38,"column":56}},"17":{"start":{"line":39,"column":14},"end":{"line":39,"column":29}},"18":{"start":{"line":41,"column":14},"end":{"line":41,"column":42}},"19":{"start":{"line":46,"column":19},"end":{"line":46,"column":32}},"20":{"start":{"line":47,"column":8},"end":{"line":56,"column":9}},"21":{"start":{"line":48,"column":25},"end":{"line":48,"column":54}},"22":{"start":{"line":49,"column":12},"end":{"line":53,"column":13}},"23":{"start":{"line":50,"column":16},"end":{"line":50,"column":31}},"24":{"start":{"line":52,"column":16},"end":{"line":52,"column":53}},"25":{"start":{"line":55,"column":12},"end":{"line":55,"column":40}},"26":{"start":{"line":60,"column":19},"end":{"line":60,"column":32}},"27":{"start":{"line":61,"column":8},"end":{"line":70,"column":9}},"28":{"start":{"line":62,"column":25},"end":{"line":62,"column":88}},"29":{"start":{"line":63,"column":12},"end":{"line":67,"column":13}},"30":{"start":{"line":64,"column":16},"end":{"line":64,"column":43}},"31":{"start":{"line":66,"column":16},"end":{"line":66,"column":68}},"32":{"start":{"line":69,"column":12},"end":{"line":69,"column":40}},"33":{"start":{"line":74,"column":19},"end":{"line":74,"column":32}},"34":{"start":{"line":75,"column":8},"end":{"line":80,"column":9}},"35":{"start":{"line":76,"column":12},"end":{"line":76,"column":51}},"36":{"start":{"line":77,"column":12},"end":{"line":77,"column":35}},"37":{"start":{"line":79,"column":12},"end":{"line":79,"column":40}},"38":{"start":{"line":85,"column":25},"end":{"line":87,"column":1}},"39":{"start":{"line":86,"column":4},"end":{"line":86,"column":37}},"40":{"start":{"line":88,"column":0},"end":{"line":88,"column":32}}},"fnMap":{"0":{"name":"(anonymous_7)","decl":{"start":{"line":11,"column":4},"end":{"line":11,"column":16}},"loc":{"start":{"line":11,"column":31},"end":{"line":13,"column":5}}},"1":{"name":"(anonymous_8)","decl":{"start":{"line":15,"column":10},"end":{"line":15,"column":20}},"loc":{"start":{"line":15,"column":48},"end":{"line":23,"column":null}}},"2":{"name":"(anonymous_10)","decl":{"start":{"line":25,"column":10},"end":{"line":25,"column":16}},"loc":{"start":{"line":25,"column":44},"end":{"line":43,"column":null}}},"3":{"name":"(anonymous_12)","decl":{"start":{"line":45,"column":10},"end":{"line":45,"column":17}},"loc":{"start":{"line":45,"column":45},"end":{"line":57,"column":null}}},"4":{"name":"(anonymous_14)","decl":{"start":{"line":59,"column":10},"end":{"line":59,"column":20}},"loc":{"start":{"line":59,"column":48},"end":{"line":71,"column":null}}},"5":{"name":"(anonymous_16)","decl":{"start":{"line":73,"column":10},"end":{"line":73,"column":20}},"loc":{"start":{"line":73,"column":48},"end":{"line":81,"column":null}}},"6":{"name":"(anonymous_18)","decl":{"start":{"line":85,"column":25},"end":{"line":85,"column":29}},"loc":{"start":{"line":85,"column":48},"end":{"line":87,"column":1}}}},"branchMap":{"0":{"loc":{"start":{"line":32,"column":14},"end":{"line":34,"column":15}},"type":"if","locations":[{"start":{"line":32,"column":14},"end":{"line":34,"column":15}}]},"1":{"loc":{"start":{"line":35,"column":14},"end":{"line":37,"column":15}},"type":"if","locations":[{"start":{"line":35,"column":14},"end":{"line":37,"column":15}}]},"2":{"loc":{"start":{"line":49,"column":12},"end":{"line":53,"column":13}},"type":"if","locations":[{"start":{"line":49,"column":12},"end":{"line":53,"column":13}},{"start":{"line":51,"column":19},"end":{"line":53,"column":13}}]},"3":{"loc":{"start":{"line":63,"column":12},"end":{"line":67,"column":13}},"type":"if","locations":[{"start":{"line":63,"column":12},"end":{"line":67,"column":13}},{"start":{"line":65,"column":19},"end":{"line":67,"column":13}}]}},"s":{"0":6,"1":3,"2":3,"3":2,"4":1,"5":1,"6":8,"7":8,"8":8,"9":8,"10":8,"11":8,"12":8,"13":3,"14":8,"15":0,"16":8,"17":8,"18":0,"19":5,"20":5,"21":5,"22":4,"23":1,"24":3,"25":1,"26":2,"27":2,"28":2,"29":2,"30":1,"31":1,"32":0,"33":2,"34":2,"35":2,"36":1,"37":1,"38":3,"39":6,"40":3},"f":{"0":6,"1":3,"2":8,"3":5,"4":2,"5":2,"6":6},"b":{"0":[3],"1":[0],"2":[1,3],"3":[1,1]}}
,"C:\\Users\\bilan\\ClassAssignment1\\src\\controllers\\comment_controllers.ts": {"path":"C:\\Users\\bilan\\ClassAssignment1\\src\\controllers\\comment_controllers.ts","statementMap":{"0":{"start":{"line":1,"column":0},"end":{"line":1,"column":63}},"1":{"start":{"line":2,"column":0},"end":{"line":2,"column":50}},"2":{"start":{"line":4,"column":26},"end":{"line":4,"column":66}},"3":{"start":{"line":6,"column":0},"end":{"line":6,"column":33}}},"fnMap":{},"branchMap":{},"s":{"0":3,"1":3,"2":3,"3":3},"f":{},"b":{}}
,"C:\\Users\\bilan\\ClassAssignment1\\src\\controllers\\post_controllers.ts": {"path":"C:\\Users\\bilan\\ClassAssignment1\\src\\controllers\\post_controllers.ts","statementMap":{"0":{"start":{"line":1,"column":0},"end":{"line":1,"column":54}},"1":{"start":{"line":2,"column":0},"end":{"line":2,"column":50}},"2":{"start":{"line":4,"column":23},"end":{"line":4,"column":57}},"3":{"start":{"line":6,"column":0},"end":{"line":6,"column":30}}},"fnMap":{},"branchMap":{},"s":{"0":3,"1":3,"2":3,"3":3},"f":{},"b":{}}
,"C:\\Users\\bilan\\ClassAssignment1\\src\\models\\comment_models.ts": {"path":"C:\\Users\\bilan\\ClassAssignment1\\src\\models\\comment_models.ts","statementMap":{"0":{"start":{"line":1,"column":0},"end":{"line":1,"column":32}},"1":{"start":{"line":9,"column":22},"end":{"line":13,"column":2}},"2":{"start":{"line":15,"column":21},"end":{"line":15,"column":72}},"3":{"start":{"line":16,"column":0},"end":{"line":16,"column":28}}},"fnMap":{},"branchMap":{},"s":{"0":3,"1":3,"2":3,"3":3},"f":{},"b":{}}
,"C:\\Users\\bilan\\ClassAssignment1\\src\\models\\post_models.ts": {"path":"C:\\Users\\bilan\\ClassAssignment1\\src\\models\\post_models.ts","statementMap":{"0":{"start":{"line":1,"column":0},"end":{"line":1,"column":32}},"1":{"start":{"line":9,"column":19},"end":{"line":13,"column":2}},"2":{"start":{"line":15,"column":18},"end":{"line":15,"column":60}},"3":{"start":{"line":16,"column":0},"end":{"line":16,"column":25}}},"fnMap":{},"branchMap":{},"s":{"0":3,"1":3,"2":3,"3":3},"f":{},"b":{}}
,"C:\\Users\\bilan\\ClassAssignment1\\src\\models\\user_models.ts": {"path":"C:\\Users\\bilan\\ClassAssignment1\\src\\models\\user_models.ts","statementMap":{"0":{"start":{"line":1,"column":0},"end":{"line":1,"column":32}},"1":{"start":{"line":9,"column":19},"end":{"line":12,"column":2}},"2":{"start":{"line":14,"column":18},"end":{"line":14,"column":60}},"3":{"start":{"line":15,"column":0},"end":{"line":15,"column":25}}},"fnMap":{},"branchMap":{},"s":{"0":3,"1":3,"2":3,"3":3},"f":{},"b":{}}
,"C:\\Users\\bilan\\ClassAssignment1\\src\\routes\\auth_routes.ts": {"path":"C:\\Users\\bilan\\ClassAssignment1\\src\\routes\\auth_routes.ts","statementMap":{"0":{"start":{"line":1,"column":0},"end":{"line":1,"column":30}},"1":{"start":{"line":2,"column":0},"end":{"line":2,"column":61}},"2":{"start":{"line":3,"column":15},"end":{"line":3,"column":31}},"3":{"start":{"line":5,"column":0},"end":{"line":5,"column":50}},"4":{"start":{"line":7,"column":0},"end":{"line":7,"column":44}},"5":{"start":{"line":9,"column":0},"end":{"line":9,"column":46}},"6":{"start":{"line":11,"column":0},"end":{"line":11,"column":22}}},"fnMap":{},"branchMap":{},"s":{"0":3,"1":3,"2":3,"3":3,"4":3,"5":3,"6":3},"f":{},"b":{}}
,"C:\\Users\\bilan\\ClassAssignment1\\src\\routes\\comment_routes.ts": {"path":"C:\\Users\\bilan\\ClassAssignment1\\src\\routes\\comment_routes.ts","statementMap":{"0":{"start":{"line":1,"column":0},"end":{"line":1,"column":30}},"1":{"start":{"line":2,"column":0},"end":{"line":2,"column":67}},"2":{"start":{"line":3,"column":0},"end":{"line":3,"column":63}},"3":{"start":{"line":5,"column":15},"end":{"line":5,"column":31}},"4":{"start":{"line":7,"column":0},"end":{"line":7,"column":86}},"5":{"start":{"line":9,"column":0},"end":{"line":9,"column":66}},"6":{"start":{"line":11,"column":0},"end":{"line":11,"column":78}},"7":{"start":{"line":13,"column":0},"end":{"line":13,"column":70}},"8":{"start":{"line":15,"column":0},"end":{"line":15,"column":73}},"9":{"start":{"line":17,"column":0},"end":{"line":17,"column":91}},"10":{"start":{"line":19,"column":0},"end":{"line":19,"column":22}}},"fnMap":{},"branchMap":{},"s":{"0":3,"1":3,"2":3,"3":3,"4":3,"5":3,"6":3,"7":3,"8":3,"9":3,"10":3},"f":{},"b":{}}
,"C:\\Users\\bilan\\ClassAssignment1\\src\\routes\\post_routes.ts": {"path":"C:\\Users\\bilan\\ClassAssignment1\\src\\routes\\post_routes.ts","statementMap":{"0":{"start":{"line":1,"column":0},"end":{"line":1,"column":30}},"1":{"start":{"line":2,"column":0},"end":{"line":2,"column":61}},"2":{"start":{"line":3,"column":0},"end":{"line":3,"column":63}},"3":{"start":{"line":5,"column":15},"end":{"line":5,"column":31}},"4":{"start":{"line":7,"column":0},"end":{"line":7,"column":80}},"5":{"start":{"line":9,"column":0},"end":{"line":9,"column":60}},"6":{"start":{"line":11,"column":0},"end":{"line":11,"column":64}},"7":{"start":{"line":13,"column":0},"end":{"line":13,"column":67}},"8":{"start":{"line":15,"column":0},"end":{"line":15,"column":85}},"9":{"start":{"line":17,"column":0},"end":{"line":17,"column":22}}},"fnMap":{},"branchMap":{},"s":{"0":3,"1":3,"2":3,"3":3,"4":3,"5":3,"6":3,"7":3,"8":3,"9":3},"f":{},"b":{}}
}
