{"C:\\Users\\danae\\ClassAssignment1\\src\\server_2.ts": {"path":"C:\\Users\\danae\\ClassAssignment1\\src\\server_2.ts","statementMap":{"0":{"start":{"line":2,"column":0},"end":{"line":2,"column":40}},"1":{"start":{"line":3,"column":12},"end":{"line":3,"column":21}},"2":{"start":{"line":4,"column":0},"end":{"line":4,"column":28}},"3":{"start":{"line":5,"column":0},"end":{"line":5,"column":16}},"4":{"start":{"line":6,"column":0},"end":{"line":6,"column":32}},"5":{"start":{"line":7,"column":0},"end":{"line":7,"column":37}},"6":{"start":{"line":8,"column":0},"end":{"line":8,"column":45}},"7":{"start":{"line":9,"column":0},"end":{"line":9,"column":52}},"8":{"start":{"line":10,"column":0},"end":{"line":10,"column":45}},"9":{"start":{"line":11,"column":0},"end":{"line":11,"column":41}},"10":{"start":{"line":12,"column":0},"end":{"line":12,"column":43}},"11":{"start":{"line":16,"column":0},"end":{"line":16,"column":27}},"12":{"start":{"line":17,"column":0},"end":{"line":17,"column":51}},"13":{"start":{"line":18,"column":0},"end":{"line":23,"column":3}},"14":{"start":{"line":19,"column":2},"end":{"line":19,"column":49}},"15":{"start":{"line":20,"column":2},"end":{"line":20,"column":50}},"16":{"start":{"line":21,"column":2},"end":{"line":21,"column":50}},"17":{"start":{"line":22,"column":2},"end":{"line":22,"column":9}},"18":{"start":{"line":24,"column":0},"end":{"line":24,"column":29}},"19":{"start":{"line":25,"column":0},"end":{"line":25,"column":35}},"20":{"start":{"line":26,"column":0},"end":{"line":26,"column":28}},"21":{"start":{"line":28,"column":16},"end":{"line":39,"column":2}},"22":{"start":{"line":41,"column":14},"end":{"line":41,"column":35}},"23":{"start":{"line":42,"column":0},"end":{"line":42,"column":62}},"24":{"start":{"line":44,"column":16},"end":{"line":61,"column":1}},"25":{"start":{"line":45,"column":2},"end":{"line":60,"column":5}},"26":{"start":{"line":46,"column":15},"end":{"line":46,"column":34}},"27":{"start":{"line":47,"column":4},"end":{"line":47,"column":69}},"28":{"start":{"line":48,"column":4},"end":{"line":48,"column":78}},"29":{"start":{"line":48,"column":34},"end":{"line":48,"column":75}},"30":{"start":{"line":50,"column":4},"end":{"line":59,"column":5}},"31":{"start":{"line":51,"column":6},"end":{"line":51,"column":38}},"32":{"start":{"line":53,"column":8},"end":{"line":58,"column":9}},"33":{"start":{"line":54,"column":8},"end":{"line":54,"column":21}},"34":{"start":{"line":57,"column":8},"end":{"line":57,"column":22}},"35":{"start":{"line":63,"column":0},"end":{"line":63,"column":23}}},"fnMap":{"0":{"name":"(anonymous_1)","decl":{"start":{"line":18,"column":8},"end":{"line":18,"column":9}},"loc":{"start":{"line":18,"column":27},"end":{"line":23,"column":1}}},"1":{"name":"(anonymous_2)","decl":{"start":{"line":44,"column":16},"end":{"line":44,"column":37}},"loc":{"start":{"line":44,"column":39},"end":{"line":61,"column":1}}},"2":{"name":"(anonymous_3)","decl":{"start":{"line":45,"column":30},"end":{"line":45,"column":31}},"loc":{"start":{"line":45,"column":50},"end":{"line":60,"column":3}}},"3":{"name":"(anonymous_4)","decl":{"start":{"line":48,"column":20},"end":{"line":48,"column":34}},"loc":{"start":{"line":48,"column":20},"end":{"line":48,"column":76}}},"4":{"name":"(anonymous_5)","decl":{"start":{"line":53,"column":50},"end":{"line":53,"column":53}},"loc":{"start":{"line":53,"column":55},"end":{"line":55,"column":7}}},"5":{"name":"(anonymous_6)","decl":{"start":{"line":56,"column":14},"end":{"line":56,"column":15}},"loc":{"start":{"line":56,"column":24},"end":{"line":58,"column":7}}}},"branchMap":{"0":{"loc":{"start":{"line":50,"column":4},"end":{"line":59,"column":5}},"type":"if","locations":[{"start":{"line":50,"column":4},"end":{"line":59,"column":5}},{"start":{"line":52,"column":11},"end":{"line":59,"column":5}}]}},"s":{"0":3,"1":3,"2":3,"3":3,"4":3,"5":3,"6":3,"7":3,"8":3,"9":3,"10":3,"11":3,"12":3,"13":3,"14":69,"15":69,"16":69,"17":69,"18":3,"19":3,"20":3,"21":3,"22":3,"23":3,"24":3,"25":3,"26":3,"27":3,"28":3,"29":3,"30":3,"31":0,"32":3,"33":3,"34":0,"35":3},"f":{"0":69,"1":3,"2":3,"3":3,"4":3,"5":0},"b":{"0":[0,3]}}
,"C:\\Users\\danae\\ClassAssignment1\\src\\controllers\\auth_controllers.ts": {"path":"C:\\Users\\danae\\ClassAssignment1\\src\\controllers\\auth_controllers.ts","statementMap":{"0":{"start":{"line":2,"column":0},"end":{"line":2,"column":46}},"1":{"start":{"line":3,"column":0},"end":{"line":3,"column":28}},"2":{"start":{"line":4,"column":0},"end":{"line":4,"column":31}},"3":{"start":{"line":10,"column":17},"end":{"line":28,"column":2}},"4":{"start":{"line":10,"column":55},"end":{"line":28,"column":2}},"5":{"start":{"line":11,"column":18},"end":{"line":11,"column":32}},"6":{"start":{"line":12,"column":21},"end":{"line":12,"column":38}},"7":{"start":{"line":13,"column":4},"end":{"line":16,"column":5}},"8":{"start":{"line":14,"column":8},"end":{"line":14,"column":58}},"9":{"start":{"line":15,"column":8},"end":{"line":15,"column":15}},"10":{"start":{"line":17,"column":4},"end":{"line":27,"column":5}},"11":{"start":{"line":18,"column":21},"end":{"line":18,"column":45}},"12":{"start":{"line":19,"column":31},"end":{"line":19,"column":64}},"13":{"start":{"line":20,"column":21},"end":{"line":23,"column":10}},"14":{"start":{"line":24,"column":8},"end":{"line":24,"column":35}},"15":{"start":{"line":26,"column":8},"end":{"line":26,"column":36}},"16":{"start":{"line":30,"column":23},"end":{"line":52,"column":1}},"17":{"start":{"line":31,"column":19},"end":{"line":31,"column":54}},"18":{"start":{"line":32,"column":4},"end":{"line":34,"column":5}},"19":{"start":{"line":33,"column":8},"end":{"line":33,"column":20}},"20":{"start":{"line":35,"column":24},"end":{"line":41,"column":52}},"21":{"start":{"line":43,"column":25},"end":{"line":49,"column":60}},"22":{"start":{"line":51,"column":4},"end":{"line":51,"column":41}},"23":{"start":{"line":54,"column":14},"end":{"line":94,"column":2}},"24":{"start":{"line":54,"column":52},"end":{"line":94,"column":2}},"25":{"start":{"line":55,"column":18},"end":{"line":55,"column":32}},"26":{"start":{"line":56,"column":21},"end":{"line":56,"column":38}},"27":{"start":{"line":57,"column":4},"end":{"line":60,"column":5}},"28":{"start":{"line":58,"column":8},"end":{"line":58,"column":56}},"29":{"start":{"line":59,"column":8},"end":{"line":59,"column":15}},"30":{"start":{"line":61,"column":4},"end":{"line":93,"column":5}},"31":{"start":{"line":62,"column":21},"end":{"line":62,"column":62}},"32":{"start":{"line":63,"column":8},"end":{"line":66,"column":9}},"33":{"start":{"line":64,"column":12},"end":{"line":64,"column":60}},"34":{"start":{"line":65,"column":12},"end":{"line":65,"column":19}},"35":{"start":{"line":67,"column":30},"end":{"line":67,"column":75}},"36":{"start":{"line":68,"column":8},"end":{"line":71,"column":9}},"37":{"start":{"line":69,"column":12},"end":{"line":69,"column":60}},"38":{"start":{"line":70,"column":12},"end":{"line":70,"column":19}},"39":{"start":{"line":73,"column":31},"end":{"line":73,"column":50}},"40":{"start":{"line":74,"column":23},"end":{"line":74,"column":45}},"41":{"start":{"line":75,"column":8},"end":{"line":78,"column":9}},"42":{"start":{"line":76,"column":12},"end":{"line":76,"column":63}},"43":{"start":{"line":77,"column":12},"end":{"line":77,"column":19}},"44":{"start":{"line":80,"column":8},"end":{"line":82,"column":9}},"45":{"start":{"line":81,"column":12},"end":{"line":81,"column":36}},"46":{"start":{"line":83,"column":8},"end":{"line":83,"column":53}},"47":{"start":{"line":84,"column":8},"end":{"line":84,"column":26}},"48":{"start":{"line":85,"column":8},"end":{"line":90,"column":11}},"49":{"start":{"line":92,"column":8},"end":{"line":92,"column":36}},"50":{"start":{"line":96,"column":15},"end":{"line":133,"column":2}},"51":{"start":{"line":96,"column":53},"end":{"line":133,"column":2}},"52":{"start":{"line":97,"column":25},"end":{"line":97,"column":46}},"53":{"start":{"line":98,"column":4},"end":{"line":101,"column":5}},"54":{"start":{"line":99,"column":8},"end":{"line":99,"column":54}},"55":{"start":{"line":100,"column":8},"end":{"line":100,"column":15}},"56":{"start":{"line":103,"column":4},"end":{"line":106,"column":5}},"57":{"start":{"line":104,"column":8},"end":{"line":104,"column":59}},"58":{"start":{"line":105,"column":8},"end":{"line":105,"column":15}},"59":{"start":{"line":107,"column":4},"end":{"line":132,"column":7}},"60":{"start":{"line":107,"column":95},"end":{"line":132,"column":6}},"61":{"start":{"line":108,"column":8},"end":{"line":111,"column":9}},"62":{"start":{"line":109,"column":12},"end":{"line":109,"column":50}},"63":{"start":{"line":110,"column":12},"end":{"line":110,"column":19}},"64":{"start":{"line":112,"column":24},"end":{"line":112,"column":44}},"65":{"start":{"line":113,"column":8},"end":{"line":131,"column":9}},"66":{"start":{"line":114,"column":25},"end":{"line":114,"column":70}},"67":{"start":{"line":115,"column":12},"end":{"line":118,"column":13}},"68":{"start":{"line":116,"column":16},"end":{"line":116,"column":54}},"69":{"start":{"line":117,"column":16},"end":{"line":117,"column":23}},"70":{"start":{"line":119,"column":12},"end":{"line":124,"column":13}},"71":{"start":{"line":120,"column":16},"end":{"line":120,"column":54}},"72":{"start":{"line":121,"column":16},"end":{"line":121,"column":40}},"73":{"start":{"line":122,"column":16},"end":{"line":122,"column":34}},"74":{"start":{"line":123,"column":16},"end":{"line":123,"column":23}},"75":{"start":{"line":125,"column":27},"end":{"line":125,"column":87}},"76":{"start":{"line":125,"column":64},"end":{"line":125,"column":86}},"77":{"start":{"line":126,"column":12},"end":{"line":126,"column":40}},"78":{"start":{"line":127,"column":12},"end":{"line":127,"column":30}},"79":{"start":{"line":128,"column":12},"end":{"line":128,"column":47}},"80":{"start":{"line":130,"column":12},"end":{"line":130,"column":40}},"81":{"start":{"line":135,"column":16},"end":{"line":186,"column":2}},"82":{"start":{"line":135,"column":54},"end":{"line":186,"column":2}},"83":{"start":{"line":136,"column":25},"end":{"line":136,"column":46}},"84":{"start":{"line":137,"column":4},"end":{"line":140,"column":5}},"85":{"start":{"line":138,"column":8},"end":{"line":138,"column":46}},"86":{"start":{"line":139,"column":8},"end":{"line":139,"column":15}},"87":{"start":{"line":141,"column":4},"end":{"line":144,"column":5}},"88":{"start":{"line":142,"column":8},"end":{"line":142,"column":59}},"89":{"start":{"line":143,"column":8},"end":{"line":143,"column":15}},"90":{"start":{"line":145,"column":4},"end":{"line":185,"column":7}},"91":{"start":{"line":145,"column":95},"end":{"line":185,"column":6}},"92":{"start":{"line":146,"column":8},"end":{"line":149,"column":9}},"93":{"start":{"line":147,"column":12},"end":{"line":147,"column":50}},"94":{"start":{"line":148,"column":12},"end":{"line":148,"column":19}},"95":{"start":{"line":151,"column":24},"end":{"line":151,"column":44}},"96":{"start":{"line":152,"column":8},"end":{"line":184,"column":9}},"97":{"start":{"line":153,"column":25},"end":{"line":153,"column":70}},"98":{"start":{"line":154,"column":12},"end":{"line":157,"column":13}},"99":{"start":{"line":155,"column":16},"end":{"line":155,"column":54}},"100":{"start":{"line":156,"column":16},"end":{"line":156,"column":23}},"101":{"start":{"line":159,"column":12},"end":{"line":164,"column":13}},"102":{"start":{"line":160,"column":16},"end":{"line":160,"column":40}},"103":{"start":{"line":161,"column":16},"end":{"line":161,"column":34}},"104":{"start":{"line":162,"column":16},"end":{"line":162,"column":54}},"105":{"start":{"line":163,"column":16},"end":{"line":163,"column":23}},"106":{"start":{"line":166,"column":30},"end":{"line":166,"column":65}},"107":{"start":{"line":167,"column":12},"end":{"line":172,"column":13}},"108":{"start":{"line":168,"column":16},"end":{"line":168,"column":40}},"109":{"start":{"line":169,"column":16},"end":{"line":169,"column":34}},"110":{"start":{"line":170,"column":16},"end":{"line":170,"column":67}},"111":{"start":{"line":171,"column":16},"end":{"line":171,"column":23}},"112":{"start":{"line":174,"column":12},"end":{"line":174,"column":94}},"113":{"start":{"line":174,"column":70},"end":{"line":174,"column":92}},"114":{"start":{"line":175,"column":12},"end":{"line":175,"column":60}},"115":{"start":{"line":176,"column":12},"end":{"line":176,"column":30}},"116":{"start":{"line":178,"column":12},"end":{"line":181,"column":15}},"117":{"start":{"line":183,"column":12},"end":{"line":183,"column":40}},"118":{"start":{"line":189,"column":30},"end":{"line":209,"column":1}},"119":{"start":{"line":190,"column":23},"end":{"line":190,"column":51}},"120":{"start":{"line":191,"column":18},"end":{"line":191,"column":56}},"121":{"start":{"line":192,"column":4},"end":{"line":195,"column":5}},"122":{"start":{"line":193,"column":8},"end":{"line":193,"column":46}},"123":{"start":{"line":194,"column":8},"end":{"line":194,"column":15}},"124":{"start":{"line":196,"column":4},"end":{"line":199,"column":5}},"125":{"start":{"line":197,"column":8},"end":{"line":197,"column":59}},"126":{"start":{"line":198,"column":8},"end":{"line":198,"column":15}},"127":{"start":{"line":200,"column":4},"end":{"line":208,"column":7}},"128":{"start":{"line":201,"column":8},"end":{"line":204,"column":9}},"129":{"start":{"line":202,"column":12},"end":{"line":202,"column":50}},"130":{"start":{"line":203,"column":12},"end":{"line":203,"column":19}},"131":{"start":{"line":205,"column":24},"end":{"line":205,"column":44}},"132":{"start":{"line":206,"column":8},"end":{"line":206,"column":39}},"133":{"start":{"line":207,"column":8},"end":{"line":207,"column":15}},"134":{"start":{"line":189,"column":13},"end":{"line":189,"column":30}},"135":{"start":{"line":211,"column":0},"end":{"line":211,"column":52}}},"fnMap":{"0":{"name":"(anonymous_8)","decl":{"start":{"line":10,"column":17},"end":{"line":10,"column":24}},"loc":{"start":{"line":10,"column":55},"end":{"line":28,"column":2}}},"1":{"name":"(anonymous_9)","decl":{"start":{"line":10,"column":55},"end":{"line":10,"column":null}},"loc":{"start":{"line":10,"column":55},"end":{"line":28,"column":1}}},"2":{"name":"(anonymous_10)","decl":{"start":{"line":30,"column":23},"end":{"line":30,"column":24}},"loc":{"start":{"line":30,"column":93},"end":{"line":52,"column":1}}},"3":{"name":"(anonymous_11)","decl":{"start":{"line":54,"column":14},"end":{"line":54,"column":21}},"loc":{"start":{"line":54,"column":52},"end":{"line":94,"column":2}}},"4":{"name":"(anonymous_12)","decl":{"start":{"line":54,"column":52},"end":{"line":54,"column":null}},"loc":{"start":{"line":54,"column":52},"end":{"line":94,"column":1}}},"5":{"name":"(anonymous_13)","decl":{"start":{"line":96,"column":15},"end":{"line":96,"column":22}},"loc":{"start":{"line":96,"column":53},"end":{"line":133,"column":2}}},"6":{"name":"(anonymous_14)","decl":{"start":{"line":96,"column":53},"end":{"line":96,"column":null}},"loc":{"start":{"line":96,"column":53},"end":{"line":133,"column":1}}},"7":{"name":"(anonymous_15)","decl":{"start":{"line":107,"column":55},"end":{"line":107,"column":62}},"loc":{"start":{"line":107,"column":95},"end":{"line":132,"column":6}}},"8":{"name":"(anonymous_16)","decl":{"start":{"line":107,"column":95},"end":{"line":107,"column":null}},"loc":{"start":{"line":107,"column":95},"end":{"line":132,"column":5}}},"9":{"name":"(anonymous_17)","decl":{"start":{"line":125,"column":53},"end":{"line":125,"column":54}},"loc":{"start":{"line":125,"column":64},"end":{"line":125,"column":86}}},"10":{"name":"(anonymous_18)","decl":{"start":{"line":135,"column":16},"end":{"line":135,"column":23}},"loc":{"start":{"line":135,"column":54},"end":{"line":186,"column":2}}},"11":{"name":"(anonymous_19)","decl":{"start":{"line":135,"column":54},"end":{"line":135,"column":null}},"loc":{"start":{"line":135,"column":54},"end":{"line":186,"column":1}}},"12":{"name":"(anonymous_20)","decl":{"start":{"line":145,"column":55},"end":{"line":145,"column":62}},"loc":{"start":{"line":145,"column":95},"end":{"line":185,"column":6}}},"13":{"name":"(anonymous_21)","decl":{"start":{"line":145,"column":95},"end":{"line":145,"column":null}},"loc":{"start":{"line":145,"column":95},"end":{"line":185,"column":5}}},"14":{"name":"(anonymous_22)","decl":{"start":{"line":174,"column":59},"end":{"line":174,"column":60}},"loc":{"start":{"line":174,"column":70},"end":{"line":174,"column":92}}},"15":{"name":"(anonymous_23)","decl":{"start":{"line":189,"column":30},"end":{"line":189,"column":31}},"loc":{"start":{"line":189,"column":82},"end":{"line":209,"column":1}}},"16":{"name":"(anonymous_24)","decl":{"start":{"line":200,"column":48},"end":{"line":200,"column":49}},"loc":{"start":{"line":200,"column":64},"end":{"line":208,"column":5}}}},"branchMap":{"0":{"loc":{"start":{"line":13,"column":4},"end":{"line":16,"column":5}},"type":"if","locations":[{"start":{"line":13,"column":4},"end":{"line":16,"column":5}}]},"1":{"loc":{"start":{"line":13,"column":8},"end":{"line":13,"column":27}},"type":"binary-expr","locations":[{"start":{"line":13,"column":8},"end":{"line":13,"column":14}},{"start":{"line":13,"column":18},"end":{"line":13,"column":27}}]},"2":{"loc":{"start":{"line":32,"column":4},"end":{"line":34,"column":5}},"type":"if","locations":[{"start":{"line":32,"column":4},"end":{"line":34,"column":5}}]},"3":{"loc":{"start":{"line":57,"column":4},"end":{"line":60,"column":5}},"type":"if","locations":[{"start":{"line":57,"column":4},"end":{"line":60,"column":5}}]},"4":{"loc":{"start":{"line":57,"column":8},"end":{"line":57,"column":27}},"type":"binary-expr","locations":[{"start":{"line":57,"column":8},"end":{"line":57,"column":14}},{"start":{"line":57,"column":18},"end":{"line":57,"column":27}}]},"5":{"loc":{"start":{"line":63,"column":8},"end":{"line":66,"column":9}},"type":"if","locations":[{"start":{"line":63,"column":8},"end":{"line":66,"column":9}}]},"6":{"loc":{"start":{"line":68,"column":8},"end":{"line":71,"column":9}},"type":"if","locations":[{"start":{"line":68,"column":8},"end":{"line":71,"column":9}}]},"7":{"loc":{"start":{"line":75,"column":8},"end":{"line":78,"column":9}},"type":"if","locations":[{"start":{"line":75,"column":8},"end":{"line":78,"column":9}}]},"8":{"loc":{"start":{"line":80,"column":8},"end":{"line":82,"column":9}},"type":"if","locations":[{"start":{"line":80,"column":8},"end":{"line":82,"column":9}}]},"9":{"loc":{"start":{"line":98,"column":4},"end":{"line":101,"column":5}},"type":"if","locations":[{"start":{"line":98,"column":4},"end":{"line":101,"column":5}}]},"10":{"loc":{"start":{"line":103,"column":4},"end":{"line":106,"column":5}},"type":"if","locations":[{"start":{"line":103,"column":4},"end":{"line":106,"column":5}}]},"11":{"loc":{"start":{"line":108,"column":8},"end":{"line":111,"column":9}},"type":"if","locations":[{"start":{"line":108,"column":8},"end":{"line":111,"column":9}}]},"12":{"loc":{"start":{"line":115,"column":12},"end":{"line":118,"column":13}},"type":"if","locations":[{"start":{"line":115,"column":12},"end":{"line":118,"column":13}}]},"13":{"loc":{"start":{"line":119,"column":12},"end":{"line":124,"column":13}},"type":"if","locations":[{"start":{"line":119,"column":12},"end":{"line":124,"column":13}}]},"14":{"loc":{"start":{"line":119,"column":16},"end":{"line":119,"column":81}},"type":"binary-expr","locations":[{"start":{"line":119,"column":16},"end":{"line":119,"column":35}},{"start":{"line":119,"column":39},"end":{"line":119,"column":81}}]},"15":{"loc":{"start":{"line":137,"column":4},"end":{"line":140,"column":5}},"type":"if","locations":[{"start":{"line":137,"column":4},"end":{"line":140,"column":5}}]},"16":{"loc":{"start":{"line":141,"column":4},"end":{"line":144,"column":5}},"type":"if","locations":[{"start":{"line":141,"column":4},"end":{"line":144,"column":5}}]},"17":{"loc":{"start":{"line":146,"column":8},"end":{"line":149,"column":9}},"type":"if","locations":[{"start":{"line":146,"column":8},"end":{"line":149,"column":9}}]},"18":{"loc":{"start":{"line":154,"column":12},"end":{"line":157,"column":13}},"type":"if","locations":[{"start":{"line":154,"column":12},"end":{"line":157,"column":13}}]},"19":{"loc":{"start":{"line":159,"column":12},"end":{"line":164,"column":13}},"type":"if","locations":[{"start":{"line":159,"column":12},"end":{"line":164,"column":13}}]},"20":{"loc":{"start":{"line":159,"column":16},"end":{"line":159,"column":81}},"type":"binary-expr","locations":[{"start":{"line":159,"column":16},"end":{"line":159,"column":35}},{"start":{"line":159,"column":39},"end":{"line":159,"column":81}}]},"21":{"loc":{"start":{"line":167,"column":12},"end":{"line":172,"column":13}},"type":"if","locations":[{"start":{"line":167,"column":12},"end":{"line":172,"column":13}}]},"22":{"loc":{"start":{"line":191,"column":18},"end":{"line":191,"column":56}},"type":"binary-expr","locations":[{"start":{"line":191,"column":18},"end":{"line":191,"column":28}},{"start":{"line":191,"column":32},"end":{"line":191,"column":56}}]},"23":{"loc":{"start":{"line":192,"column":4},"end":{"line":195,"column":5}},"type":"if","locations":[{"start":{"line":192,"column":4},"end":{"line":195,"column":5}}]},"24":{"loc":{"start":{"line":196,"column":4},"end":{"line":199,"column":5}},"type":"if","locations":[{"start":{"line":196,"column":4},"end":{"line":199,"column":5}}]},"25":{"loc":{"start":{"line":201,"column":8},"end":{"line":204,"column":9}},"type":"if","locations":[{"start":{"line":201,"column":8},"end":{"line":204,"column":9}}]}},"s":{"0":3,"1":3,"2":3,"3":3,"4":9,"5":9,"6":9,"7":9,"8":2,"9":2,"10":7,"11":7,"12":7,"13":7,"14":5,"15":2,"16":3,"17":12,"18":12,"19":1,"20":11,"21":11,"22":11,"23":3,"24":13,"25":13,"26":13,"27":13,"28":2,"29":2,"30":11,"31":11,"32":11,"33":1,"34":1,"35":10,"36":10,"37":1,"38":1,"39":9,"40":9,"41":9,"42":1,"43":1,"44":8,"45":0,"46":8,"47":8,"48":8,"49":0,"50":3,"51":5,"52":5,"53":5,"54":1,"55":1,"56":4,"57":1,"58":1,"59":3,"60":3,"61":3,"62":1,"63":1,"64":2,"65":2,"66":2,"67":2,"68":1,"69":1,"70":1,"71":0,"72":0,"73":0,"74":0,"75":1,"76":1,"77":1,"78":1,"79":1,"80":0,"81":3,"82":10,"83":10,"84":10,"85":2,"86":2,"87":8,"88":1,"89":1,"90":7,"91":7,"92":7,"93":1,"94":1,"95":6,"96":6,"97":6,"98":6,"99":1,"100":1,"101":5,"102":2,"103":2,"104":2,"105":2,"106":3,"107":3,"108":0,"109":0,"110":0,"111":0,"112":3,"113":3,"114":3,"115":3,"116":3,"117":0,"118":3,"119":16,"120":16,"121":16,"122":2,"123":2,"124":14,"125":0,"126":0,"127":14,"128":14,"129":2,"130":2,"131":12,"132":12,"133":12,"134":3,"135":3},"f":{"0":9,"1":9,"2":12,"3":13,"4":13,"5":5,"6":5,"7":3,"8":3,"9":1,"10":10,"11":10,"12":7,"13":7,"14":3,"15":16,"16":14},"b":{"0":[2],"1":[9,8],"2":[1],"3":[2],"4":[13,12],"5":[1],"6":[1],"7":[1],"8":[0],"9":[1],"10":[1],"11":[1],"12":[1],"13":[0],"14":[1,1],"15":[2],"16":[1],"17":[1],"18":[1],"19":[2],"20":[5,5],"21":[0],"22":[16,14],"23":[2],"24":[0],"25":[2]}}
,"C:\\Users\\danae\\ClassAssignment1\\src\\controllers\\base_controllers.ts": {"path":"C:\\Users\\danae\\ClassAssignment1\\src\\controllers\\base_controllers.ts","statementMap":{"0":{"start":{"line":8,"column":8},"end":{"line":8,"column":27}},"1":{"start":{"line":12,"column":8},"end":{"line":17,"column":9}},"2":{"start":{"line":13,"column":25},"end":{"line":13,"column":58}},"3":{"start":{"line":14,"column":12},"end":{"line":14,"column":39}},"4":{"start":{"line":16,"column":12},"end":{"line":16,"column":40}},"5":{"start":{"line":21,"column":23},"end":{"line":21,"column":39}},"6":{"start":{"line":22,"column":23},"end":{"line":22,"column":40}},"7":{"start":{"line":23,"column":61},"end":{"line":23,"column":63}},"8":{"start":{"line":25,"column":8},"end":{"line":44,"column":9}},"9":{"start":{"line":26,"column":12},"end":{"line":28,"column":13}},"10":{"start":{"line":27,"column":16},"end":{"line":27,"column":39}},"11":{"start":{"line":30,"column":12},"end":{"line":32,"column":13}},"12":{"start":{"line":31,"column":16},"end":{"line":31,"column":39}},"13":{"start":{"line":34,"column":25},"end":{"line":34,"column":92}},"14":{"start":{"line":36,"column":12},"end":{"line":39,"column":13}},"15":{"start":{"line":37,"column":16},"end":{"line":37,"column":41}},"16":{"start":{"line":38,"column":16},"end":{"line":38,"column":23}},"17":{"start":{"line":41,"column":12},"end":{"line":41,"column":27}},"18":{"start":{"line":43,"column":12},"end":{"line":43,"column":40}},"19":{"start":{"line":48,"column":19},"end":{"line":48,"column":32}},"20":{"start":{"line":49,"column":8},"end":{"line":58,"column":9}},"21":{"start":{"line":50,"column":25},"end":{"line":50,"column":54}},"22":{"start":{"line":51,"column":12},"end":{"line":55,"column":13}},"23":{"start":{"line":52,"column":16},"end":{"line":52,"column":31}},"24":{"start":{"line":54,"column":16},"end":{"line":54,"column":53}},"25":{"start":{"line":57,"column":12},"end":{"line":57,"column":40}},"26":{"start":{"line":62,"column":19},"end":{"line":62,"column":32}},"27":{"start":{"line":64,"column":8},"end":{"line":75,"column":9}},"28":{"start":{"line":65,"column":25},"end":{"line":65,"column":54}},"29":{"start":{"line":66,"column":12},"end":{"line":69,"column":13}},"30":{"start":{"line":67,"column":16},"end":{"line":67,"column":55}},"31":{"start":{"line":68,"column":16},"end":{"line":68,"column":23}},"32":{"start":{"line":71,"column":32},"end":{"line":71,"column":95}},"33":{"start":{"line":72,"column":12},"end":{"line":72,"column":46}},"34":{"start":{"line":74,"column":12},"end":{"line":74,"column":40}},"35":{"start":{"line":79,"column":19},"end":{"line":79,"column":32}},"36":{"start":{"line":80,"column":8},"end":{"line":85,"column":9}},"37":{"start":{"line":81,"column":12},"end":{"line":81,"column":51}},"38":{"start":{"line":82,"column":12},"end":{"line":82,"column":49}},"39":{"start":{"line":84,"column":12},"end":{"line":84,"column":40}},"40":{"start":{"line":91,"column":0},"end":{"line":91,"column":30}}},"fnMap":{"0":{"name":"(anonymous_7)","decl":{"start":{"line":7,"column":4},"end":{"line":7,"column":16}},"loc":{"start":{"line":7,"column":31},"end":{"line":9,"column":5}}},"1":{"name":"(anonymous_8)","decl":{"start":{"line":11,"column":10},"end":{"line":11,"column":20}},"loc":{"start":{"line":11,"column":48},"end":{"line":18,"column":null}}},"2":{"name":"(anonymous_10)","decl":{"start":{"line":20,"column":10},"end":{"line":20,"column":16}},"loc":{"start":{"line":20,"column":44},"end":{"line":45,"column":null}}},"3":{"name":"(anonymous_12)","decl":{"start":{"line":47,"column":10},"end":{"line":47,"column":17}},"loc":{"start":{"line":47,"column":45},"end":{"line":59,"column":null}}},"4":{"name":"(anonymous_14)","decl":{"start":{"line":61,"column":10},"end":{"line":61,"column":20}},"loc":{"start":{"line":61,"column":48},"end":{"line":76,"column":null}}},"5":{"name":"(anonymous_16)","decl":{"start":{"line":78,"column":10},"end":{"line":78,"column":20}},"loc":{"start":{"line":78,"column":48},"end":{"line":86,"column":null}}}},"branchMap":{"0":{"loc":{"start":{"line":26,"column":12},"end":{"line":28,"column":13}},"type":"if","locations":[{"start":{"line":26,"column":12},"end":{"line":28,"column":13}}]},"1":{"loc":{"start":{"line":30,"column":12},"end":{"line":32,"column":13}},"type":"if","locations":[{"start":{"line":30,"column":12},"end":{"line":32,"column":13}}]},"2":{"loc":{"start":{"line":34,"column":47},"end":{"line":34,"column":91}},"type":"cond-expr","locations":[{"start":{"line":34,"column":80},"end":{"line":34,"column":86}},{"start":{"line":34,"column":89},"end":{"line":34,"column":91}}]},"3":{"loc":{"start":{"line":36,"column":12},"end":{"line":39,"column":13}},"type":"if","locations":[{"start":{"line":36,"column":12},"end":{"line":39,"column":13}}]},"4":{"loc":{"start":{"line":51,"column":12},"end":{"line":55,"column":13}},"type":"if","locations":[{"start":{"line":51,"column":12},"end":{"line":55,"column":13}},{"start":{"line":53,"column":19},"end":{"line":55,"column":13}}]},"5":{"loc":{"start":{"line":66,"column":12},"end":{"line":69,"column":13}},"type":"if","locations":[{"start":{"line":66,"column":12},"end":{"line":69,"column":13}}]}},"s":{"0":6,"1":5,"2":5,"3":4,"4":1,"5":9,"6":9,"7":9,"8":9,"9":9,"10":4,"11":9,"12":1,"13":9,"14":9,"15":4,"16":4,"17":5,"18":0,"19":7,"20":7,"21":7,"22":6,"23":2,"24":4,"25":1,"26":3,"27":3,"28":3,"29":3,"30":1,"31":1,"32":2,"33":2,"34":0,"35":4,"36":4,"37":4,"38":2,"39":2,"40":3},"f":{"0":6,"1":5,"2":9,"3":7,"4":3,"5":4},"b":{"0":[4],"1":[1],"2":[5,4],"3":[4],"4":[2,4],"5":[1]}}
,"C:\\Users\\danae\\ClassAssignment1\\src\\controllers\\comment_controllers.ts": {"path":"C:\\Users\\danae\\ClassAssignment1\\src\\controllers\\comment_controllers.ts","statementMap":{"0":{"start":{"line":1,"column":0},"end":{"line":1,"column":63}},"1":{"start":{"line":3,"column":0},"end":{"line":3,"column":49}},"2":{"start":{"line":7,"column":8},"end":{"line":7,"column":28}},"3":{"start":{"line":11,"column":24},"end":{"line":11,"column":40}},"4":{"start":{"line":12,"column":25},"end":{"line":14,"column":null}},"5":{"start":{"line":16,"column":12},"end":{"line":16,"column":31}},"6":{"start":{"line":17,"column":12},"end":{"line":17,"column":46}},"7":{"start":{"line":22,"column":0},"end":{"line":22,"column":39}}},"fnMap":{"0":{"name":"(anonymous_8)","decl":{"start":{"line":6,"column":4},"end":{"line":6,"column":null}},"loc":{"start":{"line":6,"column":4},"end":{"line":8,"column":5}}},"1":{"name":"(anonymous_9)","decl":{"start":{"line":10,"column":12},"end":{"line":10,"column":22}},"loc":{"start":{"line":10,"column":50},"end":{"line":18,"column":null}}}},"branchMap":{},"s":{"0":3,"1":3,"2":3,"3":2,"4":2,"5":2,"6":2,"7":3},"f":{"0":3,"1":2},"b":{}}
,"C:\\Users\\danae\\ClassAssignment1\\src\\controllers\\post_controllers.ts": {"path":"C:\\Users\\danae\\ClassAssignment1\\src\\controllers\\post_controllers.ts","statementMap":{"0":{"start":{"line":1,"column":0},"end":{"line":1,"column":54}},"1":{"start":{"line":3,"column":0},"end":{"line":3,"column":48}},"2":{"start":{"line":7,"column":8},"end":{"line":7,"column":25}},"3":{"start":{"line":11,"column":20},"end":{"line":11,"column":36}},"4":{"start":{"line":12,"column":18},"end":{"line":14,"column":null}},"5":{"start":{"line":16,"column":8},"end":{"line":16,"column":24}},"6":{"start":{"line":17,"column":8},"end":{"line":17,"column":42}},"7":{"start":{"line":22,"column":0},"end":{"line":22,"column":36}}},"fnMap":{"0":{"name":"(anonymous_8)","decl":{"start":{"line":6,"column":4},"end":{"line":6,"column":null}},"loc":{"start":{"line":6,"column":4},"end":{"line":8,"column":5}}},"1":{"name":"(anonymous_9)","decl":{"start":{"line":10,"column":10},"end":{"line":10,"column":20}},"loc":{"start":{"line":10,"column":48},"end":{"line":18,"column":null}}}},"branchMap":{},"s":{"0":3,"1":3,"2":3,"3":3,"4":3,"5":3,"6":3,"7":3},"f":{"0":3,"1":3},"b":{}}
,"C:\\Users\\danae\\ClassAssignment1\\src\\models\\comment_models.ts": {"path":"C:\\Users\\danae\\ClassAssignment1\\src\\models\\comment_models.ts","statementMap":{"0":{"start":{"line":1,"column":0},"end":{"line":1,"column":32}},"1":{"start":{"line":9,"column":22},"end":{"line":13,"column":2}},"2":{"start":{"line":15,"column":21},"end":{"line":15,"column":72}},"3":{"start":{"line":17,"column":0},"end":{"line":17,"column":28}}},"fnMap":{},"branchMap":{},"s":{"0":3,"1":3,"2":3,"3":3},"f":{},"b":{}}
,"C:\\Users\\danae\\ClassAssignment1\\src\\models\\post_models.ts": {"path":"C:\\Users\\danae\\ClassAssignment1\\src\\models\\post_models.ts","statementMap":{"0":{"start":{"line":1,"column":0},"end":{"line":1,"column":32}},"1":{"start":{"line":9,"column":19},"end":{"line":13,"column":2}},"2":{"start":{"line":15,"column":18},"end":{"line":15,"column":60}},"3":{"start":{"line":16,"column":0},"end":{"line":16,"column":25}}},"fnMap":{},"branchMap":{},"s":{"0":3,"1":3,"2":3,"3":3},"f":{},"b":{}}
,"C:\\Users\\danae\\ClassAssignment1\\src\\models\\user_models.ts": {"path":"C:\\Users\\danae\\ClassAssignment1\\src\\models\\user_models.ts","statementMap":{"0":{"start":{"line":1,"column":0},"end":{"line":1,"column":32}},"1":{"start":{"line":10,"column":19},"end":{"line":14,"column":2}},"2":{"start":{"line":16,"column":18},"end":{"line":16,"column":59}},"3":{"start":{"line":17,"column":0},"end":{"line":17,"column":25}}},"fnMap":{},"branchMap":{},"s":{"0":3,"1":3,"2":3,"3":3},"f":{},"b":{}}
,"C:\\Users\\danae\\ClassAssignment1\\src\\routes\\auth_routes.ts": {"path":"C:\\Users\\danae\\ClassAssignment1\\src\\routes\\auth_routes.ts","statementMap":{"0":{"start":{"line":1,"column":0},"end":{"line":1,"column":30}},"1":{"start":{"line":2,"column":0},"end":{"line":2,"column":61}},"2":{"start":{"line":4,"column":15},"end":{"line":4,"column":31}},"3":{"start":{"line":64,"column":0},"end":{"line":64,"column":50}},"4":{"start":{"line":101,"column":0},"end":{"line":101,"column":44}},"5":{"start":{"line":128,"column":0},"end":{"line":128,"column":46}},"6":{"start":{"line":160,"column":0},"end":{"line":160,"column":48}},"7":{"start":{"line":162,"column":0},"end":{"line":162,"column":22}}},"fnMap":{},"branchMap":{},"s":{"0":3,"1":3,"2":3,"3":3,"4":3,"5":3,"6":3,"7":3},"f":{},"b":{}}
,"C:\\Users\\danae\\ClassAssignment1\\src\\routes\\comment_routes.ts": {"path":"C:\\Users\\danae\\ClassAssignment1\\src\\routes\\comment_routes.ts","statementMap":{"0":{"start":{"line":1,"column":0},"end":{"line":1,"column":30}},"1":{"start":{"line":2,"column":0},"end":{"line":2,"column":67}},"2":{"start":{"line":3,"column":0},"end":{"line":3,"column":65}},"3":{"start":{"line":5,"column":15},"end":{"line":5,"column":31}},"4":{"start":{"line":80,"column":0},"end":{"line":80,"column":87}},"5":{"start":{"line":108,"column":0},"end":{"line":108,"column":66}},"6":{"start":{"line":136,"column":0},"end":{"line":136,"column":79}},"7":{"start":{"line":164,"column":0},"end":{"line":164,"column":70}},"8":{"start":{"line":206,"column":0},"end":{"line":206,"column":89}},"9":{"start":{"line":230,"column":0},"end":{"line":230,"column":92}},"10":{"start":{"line":232,"column":0},"end":{"line":232,"column":22}}},"fnMap":{},"branchMap":{},"s":{"0":3,"1":3,"2":3,"3":3,"4":3,"5":3,"6":3,"7":3,"8":3,"9":3,"10":3},"f":{},"b":{}}
,"C:\\Users\\danae\\ClassAssignment1\\src\\routes\\post_routes.ts": {"path":"C:\\Users\\danae\\ClassAssignment1\\src\\routes\\post_routes.ts","statementMap":{"0":{"start":{"line":1,"column":0},"end":{"line":1,"column":30}},"1":{"start":{"line":2,"column":0},"end":{"line":2,"column":61}},"2":{"start":{"line":3,"column":0},"end":{"line":3,"column":65}},"3":{"start":{"line":5,"column":15},"end":{"line":5,"column":31}},"4":{"start":{"line":84,"column":0},"end":{"line":84,"column":81}},"5":{"start":{"line":112,"column":0},"end":{"line":112,"column":60}},"6":{"start":{"line":140,"column":0},"end":{"line":140,"column":64}},"7":{"start":{"line":186,"column":0},"end":{"line":186,"column":83}},"8":{"start":{"line":210,"column":0},"end":{"line":210,"column":86}},"9":{"start":{"line":212,"column":0},"end":{"line":212,"column":22}}},"fnMap":{},"branchMap":{},"s":{"0":3,"1":3,"2":3,"3":3,"4":3,"5":3,"6":3,"7":3,"8":3,"9":3},"f":{},"b":{}}
}
