TN:
SF:src\server_2.ts
FN:12,(anonymous_8)
FN:13,(anonymous_9)
FN:21,(anonymous_10)
FN:22,(anonymous_11)
FN:22,(anonymous_12)
FNF:5
FNH:4
FNDA:0,(anonymous_8)
FNDA:2,(anonymous_9)
FNDA:2,(anonymous_10)
FNDA:2,(anonymous_11)
FNDA:2,(anonymous_12)
DA:2,2
DA:3,2
DA:4,2
DA:5,2
DA:6,2
DA:7,2
DA:8,2
DA:9,2
DA:11,2
DA:12,2
DA:13,2
DA:15,2
DA:16,2
DA:18,2
DA:19,2
DA:21,2
DA:22,2
DA:23,2
DA:24,0
DA:26,2
DA:27,2
DA:32,2
LF:22
LH:21
BRDA:23,0,0,0
BRDA:23,0,1,2
BRF:2
BRH:1
end_of_record
TN:
SF:src\controllers\comment_controllers.ts
FN:4,(anonymous_8)
FN:4,(anonymous_9)
FN:14,(anonymous_10)
FN:14,(anonymous_11)
FN:29,(anonymous_12)
FN:29,(anonymous_13)
FN:43,(anonymous_14)
FN:43,(anonymous_15)
FN:53,(anonymous_16)
FN:53,(anonymous_17)
FN:74,(anonymous_18)
FN:74,(anonymous_19)
FNF:12
FNH:12
FNDA:3,(anonymous_8)
FNDA:3,(anonymous_9)
FNDA:4,(anonymous_10)
FNDA:4,(anonymous_11)
FNDA:3,(anonymous_12)
FNDA:3,(anonymous_13)
FNDA:1,(anonymous_14)
FNDA:1,(anonymous_15)
FNDA:4,(anonymous_16)
FNDA:4,(anonymous_17)
FNDA:2,(anonymous_18)
FNDA:2,(anonymous_19)
DA:1,2
DA:4,3
DA:5,3
DA:6,3
DA:7,3
DA:8,2
DA:10,1
DA:14,4
DA:15,4
DA:16,4
DA:17,4
DA:18,2
DA:19,2
DA:21,2
DA:22,2
DA:25,0
DA:29,3
DA:30,3
DA:31,3
DA:32,3
DA:33,2
DA:34,1
DA:36,1
DA:39,1
DA:43,2
DA:44,1
DA:45,1
DA:46,1
DA:47,1
DA:49,0
DA:53,4
DA:54,4
DA:55,4
DA:56,4
DA:57,4
DA:58,1
DA:60,3
DA:65,2
DA:66,1
DA:68,1
DA:70,1
DA:74,2
DA:75,2
DA:76,2
DA:77,2
DA:78,1
DA:80,1
DA:84,2
LF:48
LH:46
BRDA:17,0,0,2
BRDA:17,0,1,2
BRDA:33,1,0,1
BRDA:33,1,1,1
BRDA:57,2,0,1
BRDA:65,3,0,1
BRF:6
BRH:6
end_of_record
TN:
SF:src\controllers\post_controllers.ts
FN:4,(anonymous_8)
FN:4,(anonymous_9)
FN:14,(anonymous_10)
FN:14,(anonymous_11)
FN:29,(anonymous_12)
FN:29,(anonymous_13)
FN:43,(anonymous_14)
FN:43,(anonymous_15)
FN:64,(anonymous_16)
FN:64,(anonymous_17)
FNF:10
FNH:10
FNDA:2,(anonymous_8)
FNDA:2,(anonymous_9)
FNDA:3,(anonymous_10)
FNDA:3,(anonymous_11)
FNDA:3,(anonymous_12)
FNDA:3,(anonymous_13)
FNDA:5,(anonymous_14)
FNDA:5,(anonymous_15)
FNDA:2,(anonymous_16)
FNDA:2,(anonymous_17)
DA:1,2
DA:4,2
DA:5,2
DA:6,2
DA:7,2
DA:8,1
DA:10,1
DA:14,3
DA:15,3
DA:16,3
DA:17,3
DA:18,1
DA:19,1
DA:21,2
DA:22,2
DA:25,0
DA:29,3
DA:30,3
DA:31,3
DA:32,3
DA:33,2
DA:34,1
DA:36,1
DA:39,1
DA:43,5
DA:44,5
DA:45,5
DA:46,5
DA:47,5
DA:48,2
DA:50,3
DA:55,2
DA:56,1
DA:58,1
DA:60,1
DA:64,2
DA:65,2
DA:66,2
DA:67,2
DA:68,1
DA:70,1
DA:74,2
LF:42
LH:41
BRDA:17,0,0,1
BRDA:17,0,1,2
BRDA:33,1,0,1
BRDA:33,1,1,1
BRDA:47,2,0,2
BRDA:47,3,0,5
BRDA:47,3,1,4
BRDA:55,4,0,1
BRF:8
BRH:8
end_of_record
TN:
SF:src\models\comment_models.ts
FNF:0
FNH:0
DA:1,2
DA:3,2
DA:9,2
DA:10,2
LF:4
LH:4
BRF:0
BRH:0
end_of_record
TN:
SF:src\models\post_models.ts
FNF:0
FNH:0
DA:1,2
DA:3,2
DA:9,2
DA:10,2
LF:4
LH:4
BRF:0
BRH:0
end_of_record
TN:
SF:src\routes\comment_routes.ts
FN:14,(anonymous_1)
FNF:1
FNH:1
FNDA:4,(anonymous_1)
DA:1,2
DA:2,2
DA:4,2
DA:6,2
DA:8,2
DA:10,2
DA:12,2
DA:14,2
DA:15,4
DA:18,2
DA:20,2
LF:11
LH:11
BRF:0
BRH:0
end_of_record
TN:
SF:src\routes\post_routes.ts
FN:12,(anonymous_1)
FNF:1
FNH:1
FNDA:5,(anonymous_1)
DA:1,2
DA:2,2
DA:4,2
DA:6,2
DA:8,2
DA:10,2
DA:12,2
DA:13,5
DA:16,2
DA:18,2
LF:10
LH:10
BRF:0
BRH:0
end_of_record
