TN:
SF:src\server_2.ts
FN:11,(anonymous_8)
FN:11,(anonymous_9)
FN:12,(anonymous_10)
FN:14,(anonymous_11)
FN:17,(anonymous_12)
FN:25,(anonymous_13)
FNF:6
FNH:5
FNDA:2,(anonymous_8)
FNDA:2,(anonymous_9)
FNDA:2,(anonymous_10)
FNDA:0,(anonymous_11)
FNDA:2,(anonymous_12)
FNDA:2,(anonymous_13)
DA:2,2
DA:3,2
DA:4,2
DA:5,2
DA:6,2
DA:7,2
DA:8,2
DA:9,2
DA:11,2
DA:12,2
DA:13,2
DA:14,2
DA:15,0
DA:17,2
DA:18,2
DA:21,2
DA:22,0
DA:23,0
DA:25,2
DA:27,2
DA:28,2
DA:30,2
DA:31,2
DA:33,2
DA:39,2
LF:25
LH:22
BRDA:21,0,0,0
BRDA:21,0,1,2
BRF:2
BRH:1
end_of_record
TN:
SF:src\controllers\base_controllers.ts
FN:11,(anonymous_7)
FN:15,(anonymous_8)
FN:25,(anonymous_10)
FN:45,(anonymous_12)
FN:59,(anonymous_14)
FN:73,(anonymous_16)
FN:85,(anonymous_18)
FNF:7
FNH:7
FNDA:4,(anonymous_7)
FNDA:4,(anonymous_8)
FNDA:7,(anonymous_10)
FNDA:7,(anonymous_12)
FNDA:3,(anonymous_14)
FNDA:4,(anonymous_16)
FNDA:4,(anonymous_18)
DA:12,4
DA:16,4
DA:17,4
DA:18,2
DA:20,2
DA:21,2
DA:26,7
DA:27,7
DA:28,7
DA:29,7
DA:30,7
DA:31,7
DA:32,7
DA:33,3
DA:35,7
DA:36,0
DA:38,7
DA:39,7
DA:41,0
DA:46,7
DA:47,7
DA:48,7
DA:49,6
DA:50,2
DA:52,4
DA:55,1
DA:60,3
DA:61,3
DA:62,3
DA:63,3
DA:64,2
DA:66,1
DA:69,0
DA:74,4
DA:75,4
DA:76,4
DA:77,2
DA:79,2
DA:85,2
DA:86,4
DA:88,2
LF:41
LH:38
BRDA:32,0,0,3
BRDA:35,1,0,0
BRDA:49,2,0,2
BRDA:49,2,1,4
BRDA:63,3,0,2
BRDA:63,3,1,1
BRF:6
BRH:5
end_of_record
TN:
SF:src\controllers\comment_controllers.ts
FNF:0
FNH:0
DA:1,2
DA:2,2
DA:4,2
DA:6,2
LF:4
LH:4
BRF:0
BRH:0
end_of_record
TN:
SF:src\controllers\post_controllers.ts
FNF:0
FNH:0
DA:1,2
DA:2,2
DA:4,2
DA:6,2
LF:4
LH:4
BRF:0
BRH:0
end_of_record
TN:
SF:src\models\comment_models.ts
FNF:0
FNH:0
DA:1,2
DA:9,2
DA:15,2
DA:16,2
LF:4
LH:4
BRF:0
BRH:0
end_of_record
TN:
SF:src\models\post_models.ts
FNF:0
FNH:0
DA:1,2
DA:9,2
DA:15,2
DA:16,2
LF:4
LH:4
BRF:0
BRH:0
end_of_record
TN:
SF:src\routes\comment_routes.ts
FNF:0
FNH:0
DA:1,2
DA:2,2
DA:4,2
DA:6,2
DA:8,2
DA:10,2
DA:12,2
DA:14,2
DA:16,2
DA:18,2
LF:10
LH:10
BRF:0
BRH:0
end_of_record
TN:
SF:src\routes\post_routes.ts
FNF:0
FNH:0
DA:1,2
DA:2,2
DA:4,2
DA:6,2
DA:8,2
DA:10,2
DA:12,2
DA:14,2
DA:16,2
LF:9
LH:9
BRF:0
BRH:0
end_of_record
